<?xml version="1.0" encoding="UTF-8"?>
<!-- Generated by org.testng.reporters.JUnitReportReporter -->
<testsuite hostname="DESKTOP-HB6S9PF" failures="0" tests="1" name="com.test.ForgotPassword" time="67.978" errors="0" timestamp="2022-07-31T17:02:58 IST" skipped="0">
  <testcase classname="com.test.ForgotPassword" name="forgot" time="67.978"/>
  <system-out/>
</testsuite> <!-- com.test.ForgotPassword -->
