<?xml version="1.0" encoding="UTF-8"?>
<!-- Generated by org.testng.reporters.JUnitReportReporter -->
<testsuite hostname="DESKTOP-HB6S9PF" failures="0" tests="1" name="com.test.LogIntest" time="28.369" errors="0" timestamp="2022-07-31T17:02:58 IST" skipped="0">
  <testcase classname="com.test.LogIntest" name="logInValidCradentials" time="28.369"/>
  <system-out/>
</testsuite> <!-- com.test.LogIntest -->
