<?xml version="1.0" encoding="UTF-8"?>
<!-- Generated by org.testng.reporters.JUnitReportReporter -->
<testsuite hostname="DESKTOP-HB6S9PF" failures="0" tests="1" name="com.test.test2" time="27.676" errors="0" timestamp="2022-07-31T09:01:11 IST" skipped="0">
  <testcase classname="com.test.test2" name="sign_up" time="27.676"/>
  <system-out/>
</testsuite> <!-- com.test.test2 -->
