<?xml version="1.0" encoding="UTF-8"?>
<!-- Generated by org.testng.reporters.JUnitReportReporter -->
<testsuite hostname="DESKTOP-HB6S9PF" failures="0" tests="1" name="com.test.test1" time="20.256" errors="0" timestamp="2022-07-31T02:35:50 IST" skipped="0">
  <testcase classname="com.test.test1" name="sanity_Test" time="20.256"/>
  <system-out/>
</testsuite> <!-- com.test.test1 -->
